<?xml version="1.0" encoding="UTF-8"?>
<!-- Generated by org.testng.reporters.JUnitXMLReporter -->
<testsuite ignored="0" hostname="MSI" failures="0" tests="4" name="User-Login" time="35.67" errors="0" timestamp="2025-02-24T14:38:32 IST">
  <testcase classname="com.practice.seleniumtesting.testcases.UserLogin" name="lockedOutLogin" time="0.771"/>
  <testcase classname="com.practice.seleniumtesting.testcases.UserLogin" name="loginTest" time="0.857"/>
  <testcase classname="com.practice.seleniumtesting.testcases.UserLogin" name="loginTest" time="0.611"/>
  <testcase classname="com.practice.seleniumtesting.testcases.UserLogin" name="loginTest" time="6.067"/>
</testsuite> <!-- User-Login -->
